<?xml version="1.0" encoding="UTF-8"?>
<testng-results ignored="0" total="1" passed="1" failed="0" skipped="0">
  <reporter-output>
  </reporter-output>
  <suite started-at="2022-05-28T10:45:08 IST" name="Default suite" finished-at="2022-05-28T10:45:18 IST" duration-ms="10303">
    <groups>
    </groups>
    <test started-at="2022-05-28T10:45:08 IST" name="Default test" finished-at="2022-05-28T10:45:18 IST" duration-ms="10303">
      <class name="authentication.BearerToken">
        <test-method signature="bearerToken()[pri:0, instance:authentication.BearerToken@2ed2d9cb]" started-at="2022-05-28T10:45:08 IST" name="bearerToken" finished-at="2022-05-28T10:45:18 IST" duration-ms="10032" status="PASS">
          <reporter-output>
          </reporter-output>
        </test-method> <!-- bearerToken -->
      </class> <!-- authentication.BearerToken -->
    </test> <!-- Default test -->
  </suite> <!-- Default suite -->
</testng-results>
