<?xml version="1.0" encoding="UTF-8"?>
<testng-results ignored="0" total="1" passed="1" failed="0" skipped="0">
  <reporter-output>
  </reporter-output>
  <suite started-at="2022-05-19T16:35:49 IST" name="Default suite" finished-at="2022-05-19T16:35:59 IST" duration-ms="9807">
    <groups>
    </groups>
    <test started-at="2022-05-19T16:35:49 IST" name="Default test" finished-at="2022-05-19T16:35:59 IST" duration-ms="9807">
      <class name="practice1.EndToEndscenario">
        <test-method signature="endtoend()[pri:0, instance:practice1.EndToEndscenario@1de76cc7]" started-at="2022-05-19T16:35:49 IST" name="endtoend" finished-at="2022-05-19T16:35:59 IST" duration-ms="9717" status="PASS">
          <reporter-output>
          </reporter-output>
        </test-method> <!-- endtoend -->
      </class> <!-- practice1.EndToEndscenario -->
    </test> <!-- Default test -->
  </suite> <!-- Default suite -->
</testng-results>
